<?xml version="1.0" encoding="utf-8"?><testsuites name="pytest tests"><testsuite name="pytest" errors="0" failures="0" skipped="0" tests="225" time="403.386" timestamp="2026-06-10T22:37:16.214990+00:00" hostname="c30f48115621"><testcase classname="tests.processes.test_all_processes_level_a_smoke" name="test_process_level_a_load_sync_start_matches_initial_state[article_writing_completion]" time="2.137" /><testcase classname="tests.processes.test_all_processes_level_a_smoke" name="test_process_level_a_load_sync_start_matches_initial_state[attendance_tracking]" time="1.658" /><testcase classname="tests.processes.test_all_processes_level_a_smoke" name="test_process_level_a_load_sync_start_matches_initial_state[class_attendance]" time="1.685" /><testcase classname="tests.processes.test_all_processes_level_a_smoke" name="test_process_level_a_load_sync_start_matches_initial_state[class_session_cancellation]" time="1.734" /><testcase classname="tests.processes.test_all_processes_level_a_smoke" name="test_process_level_a_load_sync_start_matches_initial_state[committees_review]" time="1.697" /><testcase classname="tests.processes.test_all_processes_level_a_smoke" name="test_process_level_a_load_sync_start_matches_initial_state[comprehensive_course_registration]" time="1.966" /><testcase classname="tests.processes.test_all_processes_level_a_smoke" name="test_process_level_a_load_sync_start_matches_initial_state[comprehensive_term_end]" time="1.765" /><testcase classname="tests.processes.test_all_processes_level_a_smoke" name="test_process_level_a_load_sync_start_matches_initial_state[comprehensive_term_start]" time="1.706" /><testcase classname="tests.processes.test_all_processes_level_a_smoke" name="test_process_level_a_load_sync_start_matches_initial_state[educational_leave]" time="1.663" /><testcase classname="tests.processes.test_all_processes_level_a_smoke" name="test_process_level_a_load_sync_start_matches_initial_state[extra_session]" time="1.718" /><testcase classname="tests.processes.test_all_processes_level_a_smoke" name="test_process_level_a_load_sync_start_matches_initial_state[extra_supervision_session]" time="1.719" /><testcase classname="tests.processes.test_all_processes_level_a_smoke" name="test_process_level_a_load_sync_start_matches_initial_state[fall_semester_preparation]" time="1.703" /><testcase classname="tests.processes.test_all_processes_level_a_smoke" name="test_process_level_a_load_sync_start_matches_initial_state[fee_determination]" time="1.719" /><testcase classname="tests.processes.test_all_processes_level_a_smoke" name="test_process_level_a_load_sync_start_matches_initial_state[film_observation_course_completion]" time="1.689" /><testcase classname="tests.processes.test_all_processes_level_a_smoke" name="test_process_level_a_load_sync_start_matches_initial_state[film_observation_ta_attendance_completion]" time="1.702" /><testcase classname="tests.processes.test_all_processes_level_a_smoke" name="test_process_level_a_load_sync_start_matches_initial_state[full_education_leave]" time="1.774" /><testcase classname="tests.processes.test_all_processes_level_a_smoke" name="test_process_level_a_load_sync_start_matches_initial_state[group_supervision_course_completion]" time="1.782" /><testcase classname="tests.processes.test_all_processes_level_a_smoke" name="test_process_level_a_load_sync_start_matches_initial_state[intern_bulk_patient_referral]" time="1.726" /><testcase classname="tests.processes.test_all_processes_level_a_smoke" name="test_process_level_a_load_sync_start_matches_initial_state[intern_hours_increase]" time="2.022" /><testcase classname="tests.processes.test_all_processes_level_a_smoke" name="test_process_level_a_load_sync_start_matches_initial_state[internship_12month_conditional_review]" time="3.673" /><testcase classname="tests.processes.test_all_processes_level_a_smoke" name="test_process_level_a_load_sync_start_matches_initial_state[internship_readiness_consultation]" time="1.774" /><testcase classname="tests.processes.test_all_processes_level_a_smoke" name="test_process_level_a_load_sync_start_matches_initial_state[intro_second_semester_registration]" time="1.870" /><testcase classname="tests.processes.test_all_processes_level_a_smoke" name="test_process_level_a_load_sync_start_matches_initial_state[introductory_course_completion]" time="1.782" /><testcase classname="tests.processes.test_all_processes_level_a_smoke" name="test_process_level_a_load_sync_start_matches_initial_state[introductory_course_registration]" time="1.718" /><testcase classname="tests.processes.test_all_processes_level_a_smoke" name="test_process_level_a_load_sync_start_matches_initial_state[introductory_term_end]" time="1.806" /><testcase classname="tests.processes.test_all_processes_level_a_smoke" name="test_process_level_a_load_sync_start_matches_initial_state[lesson_start_per_term]" time="1.762" /><testcase classname="tests.processes.test_all_processes_level_a_smoke" name="test_process_level_a_load_sync_start_matches_initial_state[live_supervision_course_completion]" time="1.811" /><testcase classname="tests.processes.test_all_processes_level_a_smoke" name="test_process_level_a_load_sync_start_matches_initial_state[live_supervision_session_prep]" time="1.832" /><testcase classname="tests.processes.test_all_processes_level_a_smoke" name="test_process_level_a_load_sync_start_matches_initial_state[live_supervision_ta_evaluation]" time="1.716" /><testcase classname="tests.processes.test_all_processes_level_a_smoke" name="test_process_level_a_load_sync_start_matches_initial_state[live_therapy_observation_course_completion]" time="1.782" /><testcase classname="tests.processes.test_all_processes_level_a_smoke" name="test_process_level_a_load_sync_start_matches_initial_state[live_therapy_observation_session_prep]" time="1.740" /><testcase classname="tests.processes.test_all_processes_level_a_smoke" name="test_process_level_a_load_sync_start_matches_initial_state[live_therapy_observation_ta_attendance_completion]" time="1.701" /><testcase classname="tests.processes.test_all_processes_level_a_smoke" name="test_process_level_a_load_sync_start_matches_initial_state[mentor_private_sessions]" time="1.707" /><testcase classname="tests.processes.test_all_processes_level_a_smoke" name="test_process_level_a_load_sync_start_matches_initial_state[patient_referral]" time="1.760" /><testcase classname="tests.processes.test_all_processes_level_a_smoke" name="test_process_level_a_load_sync_start_matches_initial_state[process_merged_to_one]" time="1.738" /><testcase classname="tests.processes.test_all_processes_level_a_smoke" name="test_process_level_a_load_sync_start_matches_initial_state[return_to_full_education]" time="1.733" /><testcase classname="tests.processes.test_all_processes_level_a_smoke" name="test_process_level_a_load_sync_start_matches_initial_state[session_payment]" time="1.715" /><testcase classname="tests.processes.test_all_processes_level_a_smoke" name="test_process_level_a_load_sync_start_matches_initial_state[skills_course_completion]" time="1.689" /><testcase classname="tests.processes.test_all_processes_level_a_smoke" name="test_process_level_a_load_sync_start_matches_initial_state[specialized_commission_review]" time="1.752" /><testcase classname="tests.processes.test_all_processes_level_a_smoke" name="test_process_level_a_load_sync_start_matches_initial_state[start_therapy]" time="1.722" /><testcase classname="tests.processes.test_all_processes_level_a_smoke" name="test_process_level_a_load_sync_start_matches_initial_state[student_instructor_evaluation]" time="1.804" /><testcase classname="tests.processes.test_all_processes_level_a_smoke" name="test_process_level_a_load_sync_start_matches_initial_state[student_non_registration]" time="1.957" /><testcase classname="tests.processes.test_all_processes_level_a_smoke" name="test_process_level_a_load_sync_start_matches_initial_state[student_session_cancellation]" time="2.065" /><testcase classname="tests.processes.test_all_processes_level_a_smoke" name="test_process_level_a_load_sync_start_matches_initial_state[student_supervision_cancellation]" time="2.019" /><testcase classname="tests.processes.test_all_processes_level_a_smoke" name="test_process_level_a_load_sync_start_matches_initial_state[supervision_50h_completion]" time="1.859" /><testcase classname="tests.processes.test_all_processes_level_a_smoke" name="test_process_level_a_load_sync_start_matches_initial_state[supervision_block_transition]" time="1.752" /><testcase classname="tests.processes.test_all_processes_level_a_smoke" name="test_process_level_a_load_sync_start_matches_initial_state[supervision_interruption]" time="1.727" /><testcase classname="tests.processes.test_all_processes_level_a_smoke" name="test_process_level_a_load_sync_start_matches_initial_state[supervision_session_increase]" time="1.757" /><testcase classname="tests.processes.test_all_processes_level_a_smoke" name="test_process_level_a_load_sync_start_matches_initial_state[supervision_session_reduction]" time="1.756" /><testcase classname="tests.processes.test_all_processes_level_a_smoke" name="test_process_level_a_load_sync_start_matches_initial_state[supervisor_session_cancellation]" time="1.804" /><testcase classname="tests.processes.test_all_processes_level_a_smoke" name="test_process_level_a_load_sync_start_matches_initial_state[ta_blog_content]" time="1.747" /><testcase classname="tests.processes.test_all_processes_level_a_smoke" name="test_process_level_a_load_sync_start_matches_initial_state[ta_conceptual_questions]" time="1.700" /><testcase classname="tests.processes.test_all_processes_level_a_smoke" name="test_process_level_a_load_sync_start_matches_initial_state[ta_essay_upload]" time="1.731" /><testcase classname="tests.processes.test_all_processes_level_a_smoke" name="test_process_level_a_load_sync_start_matches_initial_state[ta_instructor_leave]" time="1.721" /><testcase classname="tests.processes.test_all_processes_level_a_smoke" name="test_process_level_a_load_sync_start_matches_initial_state[ta_student_consultation]" time="1.822" /><testcase classname="tests.processes.test_all_processes_level_a_smoke" name="test_process_level_a_load_sync_start_matches_initial_state[ta_to_assistant_faculty]" time="1.726" /><testcase classname="tests.processes.test_all_processes_level_a_smoke" name="test_process_level_a_load_sync_start_matches_initial_state[ta_to_instructor_auto]" time="1.731" /><testcase classname="tests.processes.test_all_processes_level_a_smoke" name="test_process_level_a_load_sync_start_matches_initial_state[ta_track_change]" time="1.697" /><testcase classname="tests.processes.test_all_processes_level_a_smoke" name="test_process_level_a_load_sync_start_matches_initial_state[ta_track_completion]" time="1.709" /><testcase classname="tests.processes.test_all_processes_level_a_smoke" name="test_process_level_a_load_sync_start_matches_initial_state[theory_course_completion]" time="1.794" /><testcase classname="tests.processes.test_all_processes_level_a_smoke" name="test_process_level_a_load_sync_start_matches_initial_state[therapist_session_cancellation]" time="1.734" /><testcase classname="tests.processes.test_all_processes_level_a_smoke" name="test_process_level_a_load_sync_start_matches_initial_state[therapy_changes]" time="1.839" /><testcase classname="tests.processes.test_all_processes_level_a_smoke" name="test_process_level_a_load_sync_start_matches_initial_state[therapy_completion]" time="1.724" /><testcase classname="tests.processes.test_all_processes_level_a_smoke" name="test_process_level_a_load_sync_start_matches_initial_state[therapy_early_termination]" time="1.734" /><testcase classname="tests.processes.test_all_processes_level_a_smoke" name="test_process_level_a_load_sync_start_matches_initial_state[therapy_interruption]" time="1.726" /><testcase classname="tests.processes.test_all_processes_level_a_smoke" name="test_process_level_a_load_sync_start_matches_initial_state[therapy_session_increase]" time="1.707" /><testcase classname="tests.processes.test_all_processes_level_a_smoke" name="test_process_level_a_load_sync_start_matches_initial_state[therapy_session_reduction]" time="1.924" /><testcase classname="tests.processes.test_all_processes_level_a_smoke" name="test_process_level_a_load_sync_start_matches_initial_state[thesis_defense_request]" time="1.750" /><testcase classname="tests.processes.test_all_processes_level_a_smoke" name="test_process_level_a_load_sync_start_matches_initial_state[unannounced_absence_reaction]" time="1.686" /><testcase classname="tests.processes.test_all_processes_level_a_smoke" name="test_process_level_a_load_sync_start_matches_initial_state[unannounced_supervision_absence_reaction]" time="1.690" /><testcase classname="tests.processes.test_all_processes_level_a_smoke" name="test_process_level_a_load_sync_start_matches_initial_state[upgrade_to_educational_therapist]" time="1.748" /><testcase classname="tests.processes.test_all_processes_level_a_smoke" name="test_process_level_a_load_sync_start_matches_initial_state[upgrade_to_ta]" time="1.721" /><testcase classname="tests.processes.test_all_processes_level_a_smoke" name="test_process_level_a_load_sync_start_matches_initial_state[violation_registration]" time="1.773" /><testcase classname="tests.processes.test_all_processes_level_a_smoke" name="test_process_level_a_load_sync_start_matches_initial_state[winter_semester_preparation]" time="1.747" /><testcase classname="tests.processes.test_all_processes_level_a_smoke" name="test_metadata_process_count_matches_level_a_parametrize" time="0.008" /><testcase classname="tests.processes.test_all_processes_level_b" name="test_process_level_b_one_transition_from_initial_succeeds[article_writing_completion]" time="1.726" /><testcase classname="tests.processes.test_all_processes_level_b" name="test_process_level_b_one_transition_from_initial_succeeds[attendance_tracking]" time="1.966" /><testcase classname="tests.processes.test_all_processes_level_b" name="test_process_level_b_one_transition_from_initial_succeeds[class_attendance]" time="1.896" /><testcase classname="tests.processes.test_all_processes_level_b" name="test_process_level_b_one_transition_from_initial_succeeds[class_session_cancellation]" time="1.762" /><testcase classname="tests.processes.test_all_processes_level_b" name="test_process_level_b_one_transition_from_initial_succeeds[committees_review]" time="1.989" /><testcase classname="tests.processes.test_all_processes_level_b" name="test_process_level_b_one_transition_from_initial_succeeds[comprehensive_course_registration]" time="1.816" /><testcase classname="tests.processes.test_all_processes_level_b" name="test_process_level_b_one_transition_from_initial_succeeds[comprehensive_term_end]" time="1.791" /><testcase classname="tests.processes.test_all_processes_level_b" name="test_process_level_b_one_transition_from_initial_succeeds[comprehensive_term_start]" time="1.874" /><testcase classname="tests.processes.test_all_processes_level_b" name="test_process_level_b_one_transition_from_initial_succeeds[educational_leave]" time="1.828" /><testcase classname="tests.processes.test_all_processes_level_b" name="test_process_level_b_one_transition_from_initial_succeeds[extra_session]" time="1.848" /><testcase classname="tests.processes.test_all_processes_level_b" name="test_process_level_b_one_transition_from_initial_succeeds[extra_supervision_session]" time="1.934" /><testcase classname="tests.processes.test_all_processes_level_b" name="test_process_level_b_one_transition_from_initial_succeeds[fall_semester_preparation]" time="1.747" /><testcase classname="tests.processes.test_all_processes_level_b" name="test_process_level_b_one_transition_from_initial_succeeds[fee_determination]" time="1.856" /><testcase classname="tests.processes.test_all_processes_level_b" name="test_process_level_b_one_transition_from_initial_succeeds[film_observation_course_completion]" time="1.749" /><testcase classname="tests.processes.test_all_processes_level_b" name="test_process_level_b_one_transition_from_initial_succeeds[film_observation_ta_attendance_completion]" time="1.956" /><testcase classname="tests.processes.test_all_processes_level_b" name="test_process_level_b_one_transition_from_initial_succeeds[full_education_leave]" time="1.843" /><testcase classname="tests.processes.test_all_processes_level_b" name="test_process_level_b_one_transition_from_initial_succeeds[group_supervision_course_completion]" time="1.770" /><testcase classname="tests.processes.test_all_processes_level_b" name="test_process_level_b_one_transition_from_initial_succeeds[intern_bulk_patient_referral]" time="1.821" /><testcase classname="tests.processes.test_all_processes_level_b" name="test_process_level_b_one_transition_from_initial_succeeds[intern_hours_increase]" time="1.869" /><testcase classname="tests.processes.test_all_processes_level_b" name="test_process_level_b_one_transition_from_initial_succeeds[internship_12month_conditional_review]" time="1.862" /><testcase classname="tests.processes.test_all_processes_level_b" name="test_process_level_b_one_transition_from_initial_succeeds[internship_readiness_consultation]" time="1.834" /><testcase classname="tests.processes.test_all_processes_level_b" name="test_process_level_b_one_transition_from_initial_succeeds[intro_second_semester_registration]" time="1.835" /><testcase classname="tests.processes.test_all_processes_level_b" name="test_process_level_b_one_transition_from_initial_succeeds[introductory_course_completion]" time="1.918" /><testcase classname="tests.processes.test_all_processes_level_b" name="test_process_level_b_one_transition_from_initial_succeeds[introductory_course_registration]" time="1.790" /><testcase classname="tests.processes.test_all_processes_level_b" name="test_process_level_b_one_transition_from_initial_succeeds[introductory_term_end]" time="1.772" /><testcase classname="tests.processes.test_all_processes_level_b" name="test_process_level_b_one_transition_from_initial_succeeds[lesson_start_per_term]" time="1.803" /><testcase classname="tests.processes.test_all_processes_level_b" name="test_process_level_b_one_transition_from_initial_succeeds[live_supervision_course_completion]" time="1.729" /><testcase classname="tests.processes.test_all_processes_level_b" name="test_process_level_b_one_transition_from_initial_succeeds[live_supervision_session_prep]" time="1.922" /><testcase classname="tests.processes.test_all_processes_level_b" name="test_process_level_b_one_transition_from_initial_succeeds[live_supervision_ta_evaluation]" time="2.052" /><testcase classname="tests.processes.test_all_processes_level_b" name="test_process_level_b_one_transition_from_initial_succeeds[live_therapy_observation_course_completion]" time="1.849" /><testcase classname="tests.processes.test_all_processes_level_b" name="test_process_level_b_one_transition_from_initial_succeeds[live_therapy_observation_session_prep]" time="1.841" /><testcase classname="tests.processes.test_all_processes_level_b" name="test_process_level_b_one_transition_from_initial_succeeds[live_therapy_observation_ta_attendance_completion]" time="1.874" /><testcase classname="tests.processes.test_all_processes_level_b" name="test_process_level_b_one_transition_from_initial_succeeds[mentor_private_sessions]" time="1.795" /><testcase classname="tests.processes.test_all_processes_level_b" name="test_process_level_b_one_transition_from_initial_succeeds[patient_referral]" time="1.708" /><testcase classname="tests.processes.test_all_processes_level_b" name="test_process_level_b_one_transition_from_initial_succeeds[process_merged_to_one]" time="1.849" /><testcase classname="tests.processes.test_all_processes_level_b" name="test_process_level_b_one_transition_from_initial_succeeds[return_to_full_education]" time="1.745" /><testcase classname="tests.processes.test_all_processes_level_b" name="test_process_level_b_one_transition_from_initial_succeeds[session_payment]" time="1.817" /><testcase classname="tests.processes.test_all_processes_level_b" name="test_process_level_b_one_transition_from_initial_succeeds[skills_course_completion]" time="1.797" /><testcase classname="tests.processes.test_all_processes_level_b" name="test_process_level_b_one_transition_from_initial_succeeds[specialized_commission_review]" time="1.864" /><testcase classname="tests.processes.test_all_processes_level_b" name="test_process_level_b_one_transition_from_initial_succeeds[start_therapy]" time="1.804" /><testcase classname="tests.processes.test_all_processes_level_b" name="test_process_level_b_one_transition_from_initial_succeeds[student_instructor_evaluation]" time="1.863" /><testcase classname="tests.processes.test_all_processes_level_b" name="test_process_level_b_one_transition_from_initial_succeeds[student_non_registration]" time="1.813" /><testcase classname="tests.processes.test_all_processes_level_b" name="test_process_level_b_one_transition_from_initial_succeeds[student_session_cancellation]" time="1.852" /><testcase classname="tests.processes.test_all_processes_level_b" name="test_process_level_b_one_transition_from_initial_succeeds[student_supervision_cancellation]" time="1.704" /><testcase classname="tests.processes.test_all_processes_level_b" name="test_process_level_b_one_transition_from_initial_succeeds[supervision_50h_completion]" time="1.901" /><testcase classname="tests.processes.test_all_processes_level_b" name="test_process_level_b_one_transition_from_initial_succeeds[supervision_block_transition]" time="1.940" /><testcase classname="tests.processes.test_all_processes_level_b" name="test_process_level_b_one_transition_from_initial_succeeds[supervision_interruption]" time="1.744" /><testcase classname="tests.processes.test_all_processes_level_b" name="test_process_level_b_one_transition_from_initial_succeeds[supervision_session_increase]" time="1.789" /><testcase classname="tests.processes.test_all_processes_level_b" name="test_process_level_b_one_transition_from_initial_succeeds[supervision_session_reduction]" time="1.895" /><testcase classname="tests.processes.test_all_processes_level_b" name="test_process_level_b_one_transition_from_initial_succeeds[supervisor_session_cancellation]" time="2.063" /><testcase classname="tests.processes.test_all_processes_level_b" name="test_process_level_b_one_transition_from_initial_succeeds[ta_blog_content]" time="1.815" /><testcase classname="tests.processes.test_all_processes_level_b" name="test_process_level_b_one_transition_from_initial_succeeds[ta_conceptual_questions]" time="1.747" /><testcase classname="tests.processes.test_all_processes_level_b" name="test_process_level_b_one_transition_from_initial_succeeds[ta_essay_upload]" time="1.855" /><testcase classname="tests.processes.test_all_processes_level_b" name="test_process_level_b_one_transition_from_initial_succeeds[ta_instructor_leave]" time="1.954" /><testcase classname="tests.processes.test_all_processes_level_b" name="test_process_level_b_one_transition_from_initial_succeeds[ta_student_consultation]" time="1.704" /><testcase classname="tests.processes.test_all_processes_level_b" name="test_process_level_b_one_transition_from_initial_succeeds[ta_to_assistant_faculty]" time="1.757" /><testcase classname="tests.processes.test_all_processes_level_b" name="test_process_level_b_one_transition_from_initial_succeeds[ta_to_instructor_auto]" time="1.744" /><testcase classname="tests.processes.test_all_processes_level_b" name="test_process_level_b_one_transition_from_initial_succeeds[ta_track_change]" time="1.699" /><testcase classname="tests.processes.test_all_processes_level_b" name="test_process_level_b_one_transition_from_initial_succeeds[ta_track_completion]" time="1.771" /><testcase classname="tests.processes.test_all_processes_level_b" name="test_process_level_b_one_transition_from_initial_succeeds[theory_course_completion]" time="1.746" /><testcase classname="tests.processes.test_all_processes_level_b" name="test_process_level_b_one_transition_from_initial_succeeds[therapist_session_cancellation]" time="1.731" /><testcase classname="tests.processes.test_all_processes_level_b" name="test_process_level_b_one_transition_from_initial_succeeds[therapy_changes]" time="1.698" /><testcase classname="tests.processes.test_all_processes_level_b" name="test_process_level_b_one_transition_from_initial_succeeds[therapy_completion]" time="1.862" /><testcase classname="tests.processes.test_all_processes_level_b" name="test_process_level_b_one_transition_from_initial_succeeds[therapy_early_termination]" time="2.039" /><testcase classname="tests.processes.test_all_processes_level_b" name="test_process_level_b_one_transition_from_initial_succeeds[therapy_interruption]" time="1.792" /><testcase classname="tests.processes.test_all_processes_level_b" name="test_process_level_b_one_transition_from_initial_succeeds[therapy_session_increase]" time="1.710" /><testcase classname="tests.processes.test_all_processes_level_b" name="test_process_level_b_one_transition_from_initial_succeeds[therapy_session_reduction]" time="1.734" /><testcase classname="tests.processes.test_all_processes_level_b" name="test_process_level_b_one_transition_from_initial_succeeds[thesis_defense_request]" time="1.790" /><testcase classname="tests.processes.test_all_processes_level_b" name="test_process_level_b_one_transition_from_initial_succeeds[unannounced_absence_reaction]" time="1.809" /><testcase classname="tests.processes.test_all_processes_level_b" name="test_process_level_b_one_transition_from_initial_succeeds[unannounced_supervision_absence_reaction]" time="1.817" /><testcase classname="tests.processes.test_all_processes_level_b" name="test_process_level_b_one_transition_from_initial_succeeds[upgrade_to_educational_therapist]" time="1.785" /><testcase classname="tests.processes.test_all_processes_level_b" name="test_process_level_b_one_transition_from_initial_succeeds[upgrade_to_ta]" time="1.755" /><testcase classname="tests.processes.test_all_processes_level_b" name="test_process_level_b_one_transition_from_initial_succeeds[violation_registration]" time="1.717" /><testcase classname="tests.processes.test_all_processes_level_b" name="test_process_level_b_one_transition_from_initial_succeeds[winter_semester_preparation]" time="1.750" /><testcase classname="tests.processes.test_all_processes_level_b" name="test_level_b_process_count_matches_metadata" time="0.008" /><testcase classname="tests.processes.test_all_processes_level_c" name="test_process_level_c_second_transition_or_terminal_after_first[article_writing_completion]" time="1.729" /><testcase classname="tests.processes.test_all_processes_level_c" name="test_process_level_c_second_transition_or_terminal_after_first[attendance_tracking]" time="1.865" /><testcase classname="tests.processes.test_all_processes_level_c" name="test_process_level_c_second_transition_or_terminal_after_first[class_attendance]" time="1.915" /><testcase classname="tests.processes.test_all_processes_level_c" name="test_process_level_c_second_transition_or_terminal_after_first[class_session_cancellation]" time="1.762" /><testcase classname="tests.processes.test_all_processes_level_c" name="test_process_level_c_second_transition_or_terminal_after_first[committees_review]" time="1.798" /><testcase classname="tests.processes.test_all_processes_level_c" name="test_process_level_c_second_transition_or_terminal_after_first[comprehensive_course_registration]" time="1.739" /><testcase classname="tests.processes.test_all_processes_level_c" name="test_process_level_c_second_transition_or_terminal_after_first[comprehensive_term_end]" time="2.018" /><testcase classname="tests.processes.test_all_processes_level_c" name="test_process_level_c_second_transition_or_terminal_after_first[comprehensive_term_start]" time="1.746" /><testcase classname="tests.processes.test_all_processes_level_c" name="test_process_level_c_second_transition_or_terminal_after_first[educational_leave]" time="1.779" /><testcase classname="tests.processes.test_all_processes_level_c" name="test_process_level_c_second_transition_or_terminal_after_first[extra_session]" time="1.773" /><testcase classname="tests.processes.test_all_processes_level_c" name="test_process_level_c_second_transition_or_terminal_after_first[extra_supervision_session]" time="1.841" /><testcase classname="tests.processes.test_all_processes_level_c" name="test_process_level_c_second_transition_or_terminal_after_first[fall_semester_preparation]" time="1.738" /><testcase classname="tests.processes.test_all_processes_level_c" name="test_process_level_c_second_transition_or_terminal_after_first[fee_determination]" time="2.081" /><testcase classname="tests.processes.test_all_processes_level_c" name="test_process_level_c_second_transition_or_terminal_after_first[film_observation_course_completion]" time="1.740" /><testcase classname="tests.processes.test_all_processes_level_c" name="test_process_level_c_second_transition_or_terminal_after_first[film_observation_ta_attendance_completion]" time="1.717" /><testcase classname="tests.processes.test_all_processes_level_c" name="test_process_level_c_second_transition_or_terminal_after_first[full_education_leave]" time="1.797" /><testcase classname="tests.processes.test_all_processes_level_c" name="test_process_level_c_second_transition_or_terminal_after_first[group_supervision_course_completion]" time="1.718" /><testcase classname="tests.processes.test_all_processes_level_c" name="test_process_level_c_second_transition_or_terminal_after_first[intern_bulk_patient_referral]" time="1.746" /><testcase classname="tests.processes.test_all_processes_level_c" name="test_process_level_c_second_transition_or_terminal_after_first[intern_hours_increase]" time="1.807" /><testcase classname="tests.processes.test_all_processes_level_c" name="test_process_level_c_second_transition_or_terminal_after_first[internship_12month_conditional_review]" time="1.791" /><testcase classname="tests.processes.test_all_processes_level_c" name="test_process_level_c_second_transition_or_terminal_after_first[internship_readiness_consultation]" time="1.736" /><testcase classname="tests.processes.test_all_processes_level_c" name="test_process_level_c_second_transition_or_terminal_after_first[intro_second_semester_registration]" time="1.722" /><testcase classname="tests.processes.test_all_processes_level_c" name="test_process_level_c_second_transition_or_terminal_after_first[introductory_course_completion]" time="1.975" /><testcase classname="tests.processes.test_all_processes_level_c" name="test_process_level_c_second_transition_or_terminal_after_first[introductory_course_registration]" time="1.793" /><testcase classname="tests.processes.test_all_processes_level_c" name="test_process_level_c_second_transition_or_terminal_after_first[introductory_term_end]" time="1.755" /><testcase classname="tests.processes.test_all_processes_level_c" name="test_process_level_c_second_transition_or_terminal_after_first[lesson_start_per_term]" time="1.670" /><testcase classname="tests.processes.test_all_processes_level_c" name="test_process_level_c_second_transition_or_terminal_after_first[live_supervision_course_completion]" time="1.685" /><testcase classname="tests.processes.test_all_processes_level_c" name="test_process_level_c_second_transition_or_terminal_after_first[live_supervision_session_prep]" time="1.844" /><testcase classname="tests.processes.test_all_processes_level_c" name="test_process_level_c_second_transition_or_terminal_after_first[live_supervision_ta_evaluation]" time="1.950" /><testcase classname="tests.processes.test_all_processes_level_c" name="test_process_level_c_second_transition_or_terminal_after_first[live_therapy_observation_course_completion]" time="1.802" /><testcase classname="tests.processes.test_all_processes_level_c" name="test_process_level_c_second_transition_or_terminal_after_first[live_therapy_observation_session_prep]" time="1.841" /><testcase classname="tests.processes.test_all_processes_level_c" name="test_process_level_c_second_transition_or_terminal_after_first[live_therapy_observation_ta_attendance_completion]" time="1.743" /><testcase classname="tests.processes.test_all_processes_level_c" name="test_process_level_c_second_transition_or_terminal_after_first[mentor_private_sessions]" time="1.942" /><testcase classname="tests.processes.test_all_processes_level_c" name="test_process_level_c_second_transition_or_terminal_after_first[patient_referral]" time="1.725" /><testcase classname="tests.processes.test_all_processes_level_c" name="test_process_level_c_second_transition_or_terminal_after_first[process_merged_to_one]" time="1.712" /><testcase classname="tests.processes.test_all_processes_level_c" name="test_process_level_c_second_transition_or_terminal_after_first[return_to_full_education]" time="1.687" /><testcase classname="tests.processes.test_all_processes_level_c" name="test_process_level_c_second_transition_or_terminal_after_first[session_payment]" time="1.742" /><testcase classname="tests.processes.test_all_processes_level_c" name="test_process_level_c_second_transition_or_terminal_after_first[skills_course_completion]" time="1.735" /><testcase classname="tests.processes.test_all_processes_level_c" name="test_process_level_c_second_transition_or_terminal_after_first[specialized_commission_review]" time="2.039" /><testcase classname="tests.processes.test_all_processes_level_c" name="test_process_level_c_second_transition_or_terminal_after_first[start_therapy]" time="1.943" /><testcase classname="tests.processes.test_all_processes_level_c" name="test_process_level_c_second_transition_or_terminal_after_first[student_instructor_evaluation]" time="1.840" /><testcase classname="tests.processes.test_all_processes_level_c" name="test_process_level_c_second_transition_or_terminal_after_first[student_non_registration]" time="1.865" /><testcase classname="tests.processes.test_all_processes_level_c" name="test_process_level_c_second_transition_or_terminal_after_first[student_session_cancellation]" time="1.781" /><testcase classname="tests.processes.test_all_processes_level_c" name="test_process_level_c_second_transition_or_terminal_after_first[student_supervision_cancellation]" time="1.779" /><testcase classname="tests.processes.test_all_processes_level_c" name="test_process_level_c_second_transition_or_terminal_after_first[supervision_50h_completion]" time="1.707" /><testcase classname="tests.processes.test_all_processes_level_c" name="test_process_level_c_second_transition_or_terminal_after_first[supervision_block_transition]" time="1.761" /><testcase classname="tests.processes.test_all_processes_level_c" name="test_process_level_c_second_transition_or_terminal_after_first[supervision_interruption]" time="1.832" /><testcase classname="tests.processes.test_all_processes_level_c" name="test_process_level_c_second_transition_or_terminal_after_first[supervision_session_increase]" time="1.720" /><testcase classname="tests.processes.test_all_processes_level_c" name="test_process_level_c_second_transition_or_terminal_after_first[supervision_session_reduction]" time="1.750" /><testcase classname="tests.processes.test_all_processes_level_c" name="test_process_level_c_second_transition_or_terminal_after_first[supervisor_session_cancellation]" time="1.872" /><testcase classname="tests.processes.test_all_processes_level_c" name="test_process_level_c_second_transition_or_terminal_after_first[ta_blog_content]" time="1.723" /><testcase classname="tests.processes.test_all_processes_level_c" name="test_process_level_c_second_transition_or_terminal_after_first[ta_conceptual_questions]" time="1.812" /><testcase classname="tests.processes.test_all_processes_level_c" name="test_process_level_c_second_transition_or_terminal_after_first[ta_essay_upload]" time="1.889" /><testcase classname="tests.processes.test_all_processes_level_c" name="test_process_level_c_second_transition_or_terminal_after_first[ta_instructor_leave]" time="1.762" /><testcase classname="tests.processes.test_all_processes_level_c" name="test_process_level_c_second_transition_or_terminal_after_first[ta_student_consultation]" time="1.761" /><testcase classname="tests.processes.test_all_processes_level_c" name="test_process_level_c_second_transition_or_terminal_after_first[ta_to_assistant_faculty]" time="2.034" /><testcase classname="tests.processes.test_all_processes_level_c" name="test_process_level_c_second_transition_or_terminal_after_first[ta_to_instructor_auto]" time="2.259" /><testcase classname="tests.processes.test_all_processes_level_c" name="test_process_level_c_second_transition_or_terminal_after_first[ta_track_change]" time="2.032" /><testcase classname="tests.processes.test_all_processes_level_c" name="test_process_level_c_second_transition_or_terminal_after_first[ta_track_completion]" time="1.697" /><testcase classname="tests.processes.test_all_processes_level_c" name="test_process_level_c_second_transition_or_terminal_after_first[theory_course_completion]" time="1.722" /><testcase classname="tests.processes.test_all_processes_level_c" name="test_process_level_c_second_transition_or_terminal_after_first[therapist_session_cancellation]" time="1.754" /><testcase classname="tests.processes.test_all_processes_level_c" name="test_process_level_c_second_transition_or_terminal_after_first[therapy_changes]" time="1.776" /><testcase classname="tests.processes.test_all_processes_level_c" name="test_process_level_c_second_transition_or_terminal_after_first[therapy_completion]" time="1.815" /><testcase classname="tests.processes.test_all_processes_level_c" name="test_process_level_c_second_transition_or_terminal_after_first[therapy_early_termination]" time="1.820" /><testcase classname="tests.processes.test_all_processes_level_c" name="test_process_level_c_second_transition_or_terminal_after_first[therapy_interruption]" time="1.748" /><testcase classname="tests.processes.test_all_processes_level_c" name="test_process_level_c_second_transition_or_terminal_after_first[therapy_session_increase]" time="1.747" /><testcase classname="tests.processes.test_all_processes_level_c" name="test_process_level_c_second_transition_or_terminal_after_first[therapy_session_reduction]" time="1.888" /><testcase classname="tests.processes.test_all_processes_level_c" name="test_process_level_c_second_transition_or_terminal_after_first[thesis_defense_request]" time="1.781" /><testcase classname="tests.processes.test_all_processes_level_c" name="test_process_level_c_second_transition_or_terminal_after_first[unannounced_absence_reaction]" time="1.780" /><testcase classname="tests.processes.test_all_processes_level_c" name="test_process_level_c_second_transition_or_terminal_after_first[unannounced_supervision_absence_reaction]" time="1.877" /><testcase classname="tests.processes.test_all_processes_level_c" name="test_process_level_c_second_transition_or_terminal_after_first[upgrade_to_educational_therapist]" time="1.726" /><testcase classname="tests.processes.test_all_processes_level_c" name="test_process_level_c_second_transition_or_terminal_after_first[upgrade_to_ta]" time="1.708" /><testcase classname="tests.processes.test_all_processes_level_c" name="test_process_level_c_second_transition_or_terminal_after_first[violation_registration]" time="1.758" /><testcase classname="tests.processes.test_all_processes_level_c" name="test_process_level_c_second_transition_or_terminal_after_first[winter_semester_preparation]" time="2.027" /><testcase classname="tests.processes.test_all_processes_level_c" name="test_level_c_process_count_matches_metadata" time="0.011" /></testsuite></testsuites>